<?xml version="1.0" encoding="UTF-8"?>
<testsuite xmlns:xsi="http://www.w3.org/2001/XMLSchema-instance" xsi:noNamespaceSchemaLocation="https://maven.apache.org/surefire/maven-surefire-plugin/xsd/surefire-test-report-3.0.xsd" version="3.0" name="com.example.cd_15ecommercebackend.Cd15ECommerceBackendApplicationTests" time="6.919" tests="1" errors="0" skipped="0" failures="0">
  <properties>
[...]
</properties>
  <testcase name="contextLoads" classname="com.example.cd_15ecommercebackend.Cd15ECommerceBackendApplicationTests" time="0.754">
    <system-out><![CDATA[09:59:19.681 [main] INFO org.springframework.test.context.support.AnnotationConfigContextLoaderUtils -- Could not detect default configuration classes for test class [com.example.cd_15ecommercebackend.Cd15ECommerceBackendApplicationTests]: Cd15ECommerceBackendApplicationTests does not declare any static, non-private, non-final, nested classes annotated with @Configuration.
09:59:19.813 [main] INFO org.springframework.boot.test.context.SpringBootTestContextBootstrapper -- Found @SpringBootConfiguration com.example.cd_15ecommercebackend.Cd15ECommerceBackendApplication for test class com.example.cd_15ecommercebackend.Cd15ECommerceBackendApplicationTests

  .   ____          _            __ _ _
 /\\ / ___'_ __ _ _(_)_ __  __ _ \ \ \ \
( ( )\___ | '_ | '_| | '_ \/ _` | \ \ \ \
 \\/  ___)| |_)| | | | | || (_| |  ) ) ) )
  '  |____| .__|_| |_|_| |_\__, | / / / /
 =========|_|==============|___/=/_/_/_/
 :: Spring Boot ::                (v3.1.5)

2023-11-08T09:59:20.235+05:30  INFO 10818 --- [           main] e.c.Cd15ECommerceBackendApplicationTests : Starting Cd15ECommerceBackendApplicationTests using Java 17.0.8.1 with PID 10818 (started by divum in /home/divum/Documents/Spring/NaanMudhalvanBackend/CD_15 ECommerceBackend (copy))
2023-11-08T09:59:20.237+05:30  INFO 10818 --- [           main] e.c.Cd15ECommerceBackendApplicationTests : No active profile set, falling back to 1 default profile: "default"
2023-11-08T09:59:20.941+05:30  INFO 10818 --- [           main] .s.d.r.c.RepositoryConfigurationDelegate : Bootstrapping Spring Data MongoDB repositories in DEFAULT mode.
2023-11-08T09:59:21.005+05:30  INFO 10818 --- [           main] .s.d.r.c.RepositoryConfigurationDelegate : Finished Spring Data repository scanning in 60 ms. Found 4 MongoDB repository interfaces.
2023-11-08T09:59:21.503+05:30  INFO 10818 --- [hxj.mongodb.net] org.mongodb.driver.cluster               : Adding discovered server ac-ekejbgb-shard-00-02.5pwyhxj.mongodb.net:27017 to client view of cluster
2023-11-08T09:59:21.513+05:30  INFO 10818 --- [           main] org.mongodb.driver.client                : MongoClient with metadata {"driver": {"name": "mongo-java-driver|sync|spring-boot", "version": "4.9.1"}, "os": {"type": "Linux", "name": "Linux", "architecture": "amd64", "version": "6.2.0-36-generic"}, "platform": "Java/Private Build/17.0.8.1+1-Ubuntu-0ubuntu122.04"} created with settings MongoClientSettings{readPreference=primary, writeConcern=WriteConcern{w=majority, wTimeout=null ms, journal=null}, retryWrites=true, retryReads=true, readConcern=ReadConcern{level=null}, credential=MongoCredential{mechanism=null, userName='sakthi', source='admin', password=<hidden>, mechanismProperties=<hidden>}, streamFactoryFactory=null, commandListeners=[], codecRegistry=ProvidersCodecRegistry{codecProviders=[ValueCodecProvider{}, BsonValueCodecProvider{}, DBRefCodecProvider{}, DBObjectCodecProvider{}, DocumentCodecProvider{}, CollectionCodecProvider{}, IterableCodecProvider{}, MapCodecProvider{}, GeoJsonCodecProvider{}, GridFSFileCodecProvider{}, Jsr310CodecProvider{}, JsonObjectCodecProvider{}, BsonCodecProvider{}, EnumCodecProvider{}, com.mongodb.client.model.mql.ExpressionCodecProvider@315105f, com.mongodb.Jep395RecordCodecProvider@7b61bf11]}, loggerSettings=LoggerSettings{maxDocumentLength=1000}, clusterSettings={hosts=[127.0.0.1:27017], srvHost=sk7db.5pwyhxj.mongodb.net, srvServiceName=mongodb, mode=MULTIPLE, requiredClusterType=REPLICA_SET, requiredReplicaSetName='atlas-2aoxwy-shard-0', serverSelector='null', clusterListeners='[]', serverSelectionTimeout='30000 ms', localThreshold='30000 ms'}, socketSettings=SocketSettings{connectTimeoutMS=10000, readTimeoutMS=0, receiveBufferSize=0, sendBufferSize=0}, heartbeatSocketSettings=SocketSettings{connectTimeoutMS=10000, readTimeoutMS=10000, receiveBufferSize=0, sendBufferSize=0}, connectionPoolSettings=ConnectionPoolSettings{maxSize=100, minSize=0, maxWaitTimeMS=120000, maxConnectionLifeTimeMS=0, maxConnectionIdleTimeMS=0, maintenanceInitialDelayMS=0, maintenanceFrequencyMS=60000, connectionPoolListeners=[], maxConnecting=2}, serverSettings=ServerSettings{heartbeatFrequencyMS=10000, minHeartbeatFrequencyMS=500, serverListeners='[]', serverMonitorListeners='[]'}, sslSettings=SslSettings{enabled=true, invalidHostNameAllowed=false, context=null}, applicationName='null', compressorList=[], uuidRepresentation=JAVA_LEGACY, serverApi=null, autoEncryptionSettings=null, contextProvider=null}
2023-11-08T09:59:21.525+05:30  INFO 10818 --- [hxj.mongodb.net] org.mongodb.driver.cluster               : Adding discovered server ac-ekejbgb-shard-00-01.5pwyhxj.mongodb.net:27017 to client view of cluster
2023-11-08T09:59:21.527+05:30  INFO 10818 --- [hxj.mongodb.net] org.mongodb.driver.cluster               : Adding discovered server ac-ekejbgb-shard-00-00.5pwyhxj.mongodb.net:27017 to client view of cluster
2023-11-08T09:59:21.859+05:30  INFO 10818 --- [           main] org.mongodb.driver.cluster               : No server chosen by com.mongodb.client.internal.MongoClientDelegate$$Lambda$1090/0x00007f93204afd08@39b626e5 from cluster description ClusterDescription{type=REPLICA_SET, connectionMode=MULTIPLE, serverDescriptions=[ServerDescription{address=ac-ekejbgb-shard-00-01.5pwyhxj.mongodb.net:27017, type=UNKNOWN, state=CONNECTING}, ServerDescription{address=ac-ekejbgb-shard-00-00.5pwyhxj.mongodb.net:27017, type=UNKNOWN, state=CONNECTING}, ServerDescription{address=ac-ekejbgb-shard-00-02.5pwyhxj.mongodb.net:27017, type=UNKNOWN, state=CONNECTING}]}. Waiting for 30000 ms before timing out
2023-11-08T09:59:22.698+05:30  INFO 10818 --- [ngodb.net:27017] org.mongodb.driver.cluster               : Monitor thread successfully connected to server with description ServerDescription{address=ac-ekejbgb-shard-00-01.5pwyhxj.mongodb.net:27017, type=REPLICA_SET_SECONDARY, state=CONNECTED, ok=true, minWireVersion=0, maxWireVersion=17, maxDocumentSize=16777216, logicalSessionTimeoutMinutes=30, roundTripTimeNanos=708774974, setName='atlas-2aoxwy-shard-0', canonicalAddress=ac-ekejbgb-shard-00-01.5pwyhxj.mongodb.net:27017, hosts=[ac-ekejbgb-shard-00-00.5pwyhxj.mongodb.net:27017, ac-ekejbgb-shard-00-01.5pwyhxj.mongodb.net:27017, ac-ekejbgb-shard-00-02.5pwyhxj.mongodb.net:27017], passives=[], arbiters=[], primary='ac-ekejbgb-shard-00-02.5pwyhxj.mongodb.net:27017', tagSet=TagSet{[Tag{name='nodeType', value='ELECTABLE'}, Tag{name='provider', value='AWS'}, Tag{name='region', value='US_EAST_1'}, Tag{name='workloadType', value='OPERATIONAL'}]}, electionId=null, setVersion=8, topologyVersion=TopologyVersion{processId=654aefb0126b75973c8706c7, counter=4}, lastWriteDate=Wed Nov 08 09:59:22 IST 2023, lastUpdateTimeNanos=2084671856232}
2023-11-08T09:59:22.698+05:30  INFO 10818 --- [ngodb.net:27017] org.mongodb.driver.cluster               : Monitor thread successfully connected to server with description ServerDescription{address=ac-ekejbgb-shard-00-00.5pwyhxj.mongodb.net:27017, type=REPLICA_SET_SECONDARY, state=CONNECTED, ok=true, minWireVersion=0, maxWireVersion=17, maxDocumentSize=16777216, logicalSessionTimeoutMinutes=30, roundTripTimeNanos=716371420, setName='atlas-2aoxwy-shard-0', canonicalAddress=ac-ekejbgb-shard-00-00.5pwyhxj.mongodb.net:27017, hosts=[ac-ekejbgb-shard-00-00.5pwyhxj.mongodb.net:27017, ac-ekejbgb-shard-00-01.5pwyhxj.mongodb.net:27017, ac-ekejbgb-shard-00-02.5pwyhxj.mongodb.net:27017], passives=[], arbiters=[], primary='ac-ekejbgb-shard-00-02.5pwyhxj.mongodb.net:27017', tagSet=TagSet{[Tag{name='nodeType', value='ELECTABLE'}, Tag{name='provider', value='AWS'}, Tag{name='region', value='US_EAST_1'}, Tag{name='workloadType', value='OPERATIONAL'}]}, electionId=null, setVersion=8, topologyVersion=TopologyVersion{processId=6534593a938ff31fa0726c5f, counter=194}, lastWriteDate=Wed Nov 08 09:59:22 IST 2023, lastUpdateTimeNanos=2084671851824}
2023-11-08T09:59:22.699+05:30  INFO 10818 --- [ngodb.net:27017] org.mongodb.driver.cluster               : Monitor thread successfully connected to server with description ServerDescription{address=ac-ekejbgb-shard-00-02.5pwyhxj.mongodb.net:27017, type=REPLICA_SET_PRIMARY, state=CONNECTED, ok=true, minWireVersion=0, maxWireVersion=17, maxDocumentSize=16777216, logicalSessionTimeoutMinutes=30, roundTripTimeNanos=697975257, setName='atlas-2aoxwy-shard-0', canonicalAddress=ac-ekejbgb-shard-00-02.5pwyhxj.mongodb.net:27017, hosts=[ac-ekejbgb-shard-00-00.5pwyhxj.mongodb.net:27017, ac-ekejbgb-shard-00-01.5pwyhxj.mongodb.net:27017, ac-ekejbgb-shard-00-02.5pwyhxj.mongodb.net:27017], passives=[], arbiters=[], primary='ac-ekejbgb-shard-00-02.5pwyhxj.mongodb.net:27017', tagSet=TagSet{[Tag{name='nodeType', value='ELECTABLE'}, Tag{name='provider', value='AWS'}, Tag{name='region', value='US_EAST_1'}, Tag{name='workloadType', value='OPERATIONAL'}]}, electionId=7fffffff0000000000000515, setVersion=8, topologyVersion=TopologyVersion{processId=654acb9751507e50fc400d93, counter=8}, lastWriteDate=Wed Nov 08 09:59:22 IST 2023, lastUpdateTimeNanos=2084671848982}
2023-11-08T09:59:22.711+05:30  INFO 10818 --- [ngodb.net:27017] org.mongodb.driver.cluster               : Discovered replica set primary ac-ekejbgb-shard-00-02.5pwyhxj.mongodb.net:27017 with max election id 7fffffff0000000000000515 and max set version 8
2023-11-08T09:59:25.432+05:30  INFO 10818 --- [           main] o.s.s.web.DefaultSecurityFilterChain     : Will secure any request with [org.springframework.security.web.session.DisableEncodeUrlFilter@3d0352, org.springframework.security.web.context.request.async.WebAsyncManagerIntegrationFilter@bb6f3f7, org.springframework.security.web.context.SecurityContextHolderFilter@7282af25, org.springframework.security.web.header.HeaderWriterFilter@2094bf3d, org.springframework.web.filter.CorsFilter@388f1258, org.springframework.security.web.authentication.logout.LogoutFilter@7b3cbe6e, com.example.cd_15ecommercebackend.Filter.JwtAuthenticationFilter@62058742, org.springframework.security.web.savedrequest.RequestCacheAwareFilter@20ffb8d5, org.springframework.security.web.servletapi.SecurityContextHolderAwareRequestFilter@57e03347, org.springframework.security.web.authentication.AnonymousAuthenticationFilter@aca2fc3, org.springframework.security.web.session.SessionManagementFilter@1132baa3, org.springframework.security.web.access.ExceptionTranslationFilter@57a667c8, org.springframework.security.web.access.intercept.AuthorizationFilter@18026052]
2023-11-08T09:59:25.668+05:30  INFO 10818 --- [           main] e.c.Cd15ECommerceBackendApplicationTests : Started Cd15ECommerceBackendApplicationTests in 5.694 seconds (process running for 6.703)
]]></system-out>
  </testcase>
</testsuite>